<?xml version="1.0" encoding="UTF-8"?>
<!-- Generated by org.testng.reporters.JUnitXMLReporter -->
<testsuite ignored="0" hostname="DESKTOP-3CVQG2O" failures="1" tests="3" name="Test" time="5.073" errors="0" timestamp="2022-08-25T17:02:56 IST">
  <testcase classname="com.restAssured.tests.TC01_GET_ValidateSingleUser" name="get_ValidateSingleUserData" time="2.513"/>
  <testcase classname="com.restAssured.tests.TC02_GET_ValidateListUsers" name="get_ValidateAllUserData" time="0.2"/>
  <testcase classname="com.restAssured.tests.TC03_POST_ValidateCreateUser" name="test_user_created_successfully_using_post_api_method1_body_from_json_file" time="0.855">
    <failure type="java.lang.AssertionError" message="expected [200] but found [201]">
      <![CDATA[java.lang.AssertionError: expected [200] but found [201]
at com.restAssured.tests.TC03_POST_ValidateCreateUser.test_user_created_successfully_using_post_api_method1_body_from_json_file(TC03_POST_ValidateCreateUser.java:39)
at java.base/java.util.ArrayList.forEach(ArrayList.java:1511)
... Removed 33 stack frames]]>
    </failure>
  </testcase> <!-- test_user_created_successfully_using_post_api_method1_body_from_json_file -->
</testsuite> <!-- Test -->
