<?xml version="1.0" encoding="UTF-8"?>
<testng-results ignored="0" total="1" passed="1" failed="0" skipped="0">
  <reporter-output>
  </reporter-output>
  <suite started-at="2022-08-25T17:07:06 IST" name="Default suite" finished-at="2022-08-25T17:07:10 IST" duration-ms="4341">
    <groups>
    </groups>
    <test started-at="2022-08-25T17:07:06 IST" name="Default test" finished-at="2022-08-25T17:07:10 IST" duration-ms="4341">
      <class name="com.restAssured.tests.TC03_POST_ValidateCreateUser">
        <test-method is-config="true" signature="startUp()[pri:0, instance:com.restAssured.tests.TC03_POST_ValidateCreateUser@4efc180e]" started-at="2022-08-25T17:07:06 IST" name="startUp" finished-at="2022-08-25T17:07:07 IST" duration-ms="1264" status="PASS">
          <reporter-output>
          </reporter-output>
        </test-method> <!-- startUp -->
        <test-method signature="test_user_created_successfully_using_post_api_method1_body_from_json_file()[pri:0, instance:com.restAssured.tests.TC03_POST_ValidateCreateUser@4efc180e]" started-at="2022-08-25T17:07:07 IST" name="test_user_created_successfully_using_post_api_method1_body_from_json_file" description="Validate new user is being created successully as per mentioned details." finished-at="2022-08-25T17:07:10 IST" duration-ms="3003" status="PASS">
          <reporter-output>
          </reporter-output>
        </test-method> <!-- test_user_created_successfully_using_post_api_method1_body_from_json_file -->
        <test-method is-config="true" signature="tearDown()[pri:0, instance:com.restAssured.tests.TC03_POST_ValidateCreateUser@4efc180e]" started-at="2022-08-25T17:07:10 IST" name="tearDown" finished-at="2022-08-25T17:07:10 IST" duration-ms="1" status="PASS">
          <reporter-output>
          </reporter-output>
        </test-method> <!-- tearDown -->
      </class> <!-- com.restAssured.tests.TC03_POST_ValidateCreateUser -->
    </test> <!-- Default test -->
  </suite> <!-- Default suite -->
</testng-results>
